<?xml version="1.0" encoding="UTF-8"?>
<testng-results ignored="0" total="3" passed="3" failed="0" skipped="0">
  <reporter-output>
  </reporter-output>
  <suite started-at="2022-04-29T07:32:49 IST" name="Default suite" finished-at="2022-04-29T07:32:51 IST" duration-ms="2414">
    <groups>
    </groups>
    <test started-at="2022-04-29T07:32:49 IST" name="Default test" finished-at="2022-04-29T07:32:51 IST" duration-ms="2414">
      <class name="DynamicJson">
        <test-method signature="addBook(java.lang.String,java.lang.String)[pri:0, instance:DynamicJson@34f7cfd9]" started-at="2022-04-29T07:32:49 IST" name="addBook" data-provider="BooksData" finished-at="2022-04-29T07:32:51 IST" duration-ms="2112" status="PASS">
          <params>
            <param index="0">
              <value>
                <![CDATA[xyz]]>
              </value>
            </param>
            <param index="1">
              <value>
                <![CDATA[93763]]>
              </value>
            </param>
          </params>
          <reporter-output>
          </reporter-output>
        </test-method> <!-- addBook -->
        <test-method signature="addBook(java.lang.String,java.lang.String)[pri:0, instance:DynamicJson@34f7cfd9]" started-at="2022-04-29T07:32:51 IST" name="addBook" data-provider="BooksData" finished-at="2022-04-29T07:32:51 IST" duration-ms="127" status="PASS">
          <params>
            <param index="0">
              <value>
                <![CDATA[abc]]>
              </value>
            </param>
            <param index="1">
              <value>
                <![CDATA[42753]]>
              </value>
            </param>
          </params>
          <reporter-output>
          </reporter-output>
        </test-method> <!-- addBook -->
        <test-method signature="addBook(java.lang.String,java.lang.String)[pri:0, instance:DynamicJson@34f7cfd9]" started-at="2022-04-29T07:32:51 IST" name="addBook" data-provider="BooksData" finished-at="2022-04-29T07:32:51 IST" duration-ms="124" status="PASS">
          <params>
            <param index="0">
              <value>
                <![CDATA[jhddj]]>
              </value>
            </param>
            <param index="1">
              <value>
                <![CDATA[5337]]>
              </value>
            </param>
          </params>
          <reporter-output>
          </reporter-output>
        </test-method> <!-- addBook -->
      </class> <!-- DynamicJson -->
    </test> <!-- Default test -->
  </suite> <!-- Default suite -->
</testng-results>
